<?xml version="1.0" encoding="UTF-8"?>
<!-- Generated by org.testng.reporters.JUnitXMLReporter -->
<testsuite hostname="insyslap20" ignored="0" name="Test" tests="2" failures="0" timestamp="24 May 2018 13:24:04 GMT" time="32.59" errors="0">
  <testcase name="@BeforeClass setup" time="31.645" classname="buyer.testcases.request.CreateRequest">
    <failure type="java.lang.AssertionError" message="null">
      <![CDATA[java.lang.AssertionError: null
	at buyer.testcases.request.CreateRequest.setup(CreateRequest.java:57)
... Removed 27 stack frames]]>
    </failure>
  </testcase> <!-- @BeforeClass setup -->
  <testcase name="@BeforeMethod setupBeforeTest" time="0.0" classname="buyer.testcases.request.CreateRequest">
    <skipped/>
  </testcase> <!-- @BeforeMethod setupBeforeTest -->
  <testcase name="@BeforeMethod setupBeforeTest" time="0.0" classname="buyer.testcases.request.CreateRequest">
    <skipped/>
  </testcase> <!-- @BeforeMethod setupBeforeTest -->
  <testcase name="@AfterClass tearDown" time="0.0" classname="buyer.testcases.request.CreateRequest">
    <skipped/>
  </testcase> <!-- @AfterClass tearDown -->
  <testcase name="multitypereq" time="0.001" classname="buyer.testcases.request.CreateRequest">
    <skipped/>
  </testcase> <!-- multitypereq -->
  <testcase name="roundtripreq" time="0.0" classname="buyer.testcases.request.CreateRequest">
    <skipped/>
  </testcase> <!-- roundtripreq -->
</testsuite> <!-- Test -->
