<?xml version="1.0" encoding="UTF-8"?>
<testng-results skipped="0" failed="0" ignored="0" total="1" passed="1">
  <reporter-output>
  </reporter-output>
  <suite name="Default suite" duration-ms="2694" started-at="2017-10-12T12:01:39Z" finished-at="2017-10-12T12:01:41Z">
    <groups>
    </groups>
    <test name="Default test" duration-ms="2694" started-at="2017-10-12T12:01:39Z" finished-at="2017-10-12T12:01:41Z">
      <class name="com.PerfectCommerce.Registration.TestCases.WhiteLabelRegistrationTestCases">
        <test-method status="PASS" signature="setup()[pri:0, instance:com.PerfectCommerce.Registration.TestCases.WhiteLabelRegistrationTestCases@e3c0e40]" name="setup" is-config="true" duration-ms="12" started-at="2017-10-12T17:31:39Z" finished-at="2017-10-12T17:31:39Z">
          <reporter-output>
          </reporter-output>
        </test-method> <!-- setup -->
        <test-method status="PASS" signature="setupBeforeTest()[pri:0, instance:com.PerfectCommerce.Registration.TestCases.WhiteLabelRegistrationTestCases@e3c0e40]" name="setupBeforeTest" is-config="true" duration-ms="1584" started-at="2017-10-12T17:31:39Z" finished-at="2017-10-12T17:31:40Z">
          <reporter-output>
          </reporter-output>
        </test-method> <!-- setupBeforeTest -->
        <test-method status="PASS" signature="abc()[pri:0, instance:com.PerfectCommerce.Registration.TestCases.WhiteLabelRegistrationTestCases@e3c0e40]" name="abc" duration-ms="695" started-at="2017-10-12T17:31:40Z" finished-at="2017-10-12T17:31:41Z">
          <reporter-output>
          </reporter-output>
        </test-method> <!-- abc -->
        <test-method status="PASS" signature="tearDown()[pri:0, instance:com.PerfectCommerce.Registration.TestCases.WhiteLabelRegistrationTestCases@e3c0e40]" name="tearDown" is-config="true" duration-ms="357" started-at="2017-10-12T17:31:41Z" finished-at="2017-10-12T17:31:41Z">
          <reporter-output>
          </reporter-output>
        </test-method> <!-- tearDown -->
      </class> <!-- com.PerfectCommerce.Registration.TestCases.WhiteLabelRegistrationTestCases -->
    </test> <!-- Default test -->
  </suite> <!-- Default suite -->
</testng-results>
