<?xml version="1.0" encoding="UTF-8"?>
<testng-results skipped="0" failed="0" ignored="0" total="1" passed="1">
  <reporter-output>
  </reporter-output>
  <suite name="Default suite" duration-ms="39990" started-at="2017-10-13T12:29:56Z" finished-at="2017-10-13T12:30:36Z">
    <groups>
    </groups>
    <test name="Default test" duration-ms="39990" started-at="2017-10-13T12:29:56Z" finished-at="2017-10-13T12:30:36Z">
      <class name="com.PerfectCommerce.Registration.TestCases.WhiteLabelRegistrationTestCases">
        <test-method status="PASS" signature="setup()[pri:0, instance:com.PerfectCommerce.Registration.TestCases.WhiteLabelRegistrationTestCases@7354b8c5]" name="setup" is-config="true" duration-ms="16" started-at="2017-10-13T17:59:56Z" finished-at="2017-10-13T17:59:56Z">
          <reporter-output>
          </reporter-output>
        </test-method> <!-- setup -->
        <test-method status="PASS" signature="setupBeforeTest()[pri:0, instance:com.PerfectCommerce.Registration.TestCases.WhiteLabelRegistrationTestCases@7354b8c5]" name="setupBeforeTest" is-config="true" duration-ms="803" started-at="2017-10-13T17:59:56Z" finished-at="2017-10-13T17:59:57Z">
          <reporter-output>
          </reporter-output>
        </test-method> <!-- setupBeforeTest -->
        <test-method status="PASS" signature="RegistrationWithFeinForMissouri()[pri:0, instance:com.PerfectCommerce.Registration.TestCases.WhiteLabelRegistrationTestCases@7354b8c5]" name="RegistrationWithFeinForMissouri" duration-ms="38641" started-at="2017-10-13T17:59:57Z" description="This test case will register using Fein for Missouri" finished-at="2017-10-13T18:00:35Z">
          <reporter-output>
          </reporter-output>
        </test-method> <!-- RegistrationWithFeinForMissouri -->
        <test-method status="PASS" signature="tearDown()[pri:0, instance:com.PerfectCommerce.Registration.TestCases.WhiteLabelRegistrationTestCases@7354b8c5]" name="tearDown" is-config="true" duration-ms="506" started-at="2017-10-13T18:00:35Z" finished-at="2017-10-13T18:00:36Z">
          <reporter-output>
          </reporter-output>
        </test-method> <!-- tearDown -->
      </class> <!-- com.PerfectCommerce.Registration.TestCases.WhiteLabelRegistrationTestCases -->
    </test> <!-- Default test -->
  </suite> <!-- Default suite -->
</testng-results>
