<?xml version="1.0" encoding="UTF-8"?>
<!-- Generated by org.testng.reporters.JUnitXMLReporter -->
<testsuite hostname="insyslap20" ignored="0" name="Default test" tests="7" failures="0" timestamp="07 Jun 2018 12:34:01 GMT" time="1802.727" errors="0">
  <testcase name="emptyreqchecoutpage" time="50.401" classname="buyer.testcases.request.CreateRequest"/>
  <testcase name="quantityismandatory" time="85.11" classname="buyer.testcases.request.CreateRequest"/>
  <testcase name="unitpriceismandatory" time="82.383" classname="buyer.testcases.request.CreateRequest"/>
  <testcase name="commodityismandatory" time="71.843" classname="buyer.testcases.request.CreateRequest"/>
  <testcase name="createoffcatreq" time="427.932" classname="buyer.testcases.request.CreateRequest"/>
  <testcase name="roundtripreq" time="408.147" classname="buyer.testcases.request.CreateRequest"/>
  <testcase name="multitypereq" time="586.89" classname="buyer.testcases.request.CreateRequest"/>
</testsuite> <!-- Default test -->
